Running Task 5a on 60 buildings

Running with 1 process(es)...
Time: 738.69 seconds
Running with 2 process(es)...
Time: 389.38 seconds
Running with 3 process(es)...
Time: 294.83 seconds
Running with 4 process(es)...
Time: 226.50 seconds
Running with 5 process(es)...
Time: 195.04 seconds
Running with 6 process(es)...
Time: 174.11 seconds
Running with 7 process(es)...
Time: 162.29 seconds
Running with 8 process(es)...
Time: 139.02 seconds
Running with 9 process(es)...
Time: 128.74 seconds
Running with 10 process(es)...
Time: 120.91 seconds
Running with 11 process(es)...
Time: 115.56 seconds
Running with 12 process(es)...
Time: 114.11 seconds
Running with 13 process(es)...
Time: 111.86 seconds
Running with 14 process(es)...
Time: 106.59 seconds
Running with 15 process(es)...
Time: 88.19 seconds
Running with 16 process(es)...
Time: 85.58 seconds
Running with 17 process(es)...
Time: 86.56 seconds
Running with 18 process(es)...
Time: 84.64 seconds
Running with 19 process(es)...
Time: 84.66 seconds
Running with 20 process(es)...
Time: 85.13 seconds

-------------------- Amdahl's Law --------------------
Estimated parallel fraction (p): 0.9375
Theoretical max speed-up: 16.00
Achieved speed-up: 8.73 with 18 processes

Estimated time to process all 4571 buildings: 6447.81 seconds
≈ 1.79 hours or 0.07 days
------------------------------------------------------
Running Task dynamic on 60 buildings

Running with 1 process(es)...
Time: 721.39 seconds
Running with 2 process(es)...
Time: 386.72 seconds
Running with 3 process(es)...
Time: 254.31 seconds
Running with 4 process(es)...
Time: 196.23 seconds
Running with 5 process(es)...
Time: 167.49 seconds
Running with 6 process(es)...
Time: 148.43 seconds
Running with 7 process(es)...
Time: 152.38 seconds
Running with 8 process(es)...
Time: 137.10 seconds
Running with 9 process(es)...
Time: 123.42 seconds
Running with 10 process(es)...
Time: 115.32 seconds
Running with 11 process(es)...
Time: 110.89 seconds
Running with 12 process(es)...
Time: 106.73 seconds
Running with 13 process(es)...
Time: 104.27 seconds
Running with 14 process(es)...
Time: 99.25 seconds
Running with 15 process(es)...
Time: 96.96 seconds
Running with 16 process(es)...
Time: 96.03 seconds
Running with 17 process(es)...
Time: 93.19 seconds
Running with 18 process(es)...
Time: 90.11 seconds
Running with 19 process(es)...
Time: 89.01 seconds
Running with 20 process(es)...
Time: 86.35 seconds

-------------------- Amdahl's Law --------------------
Amdahl's Law analysis for dynamic scheduling experiment
Estimated parallel fraction (p): 0.9266
Theoretical max speed-up: 13.63
Achieved speed-up: 8.35 with 20 processes

Estimated time to process all 4571 buildings: 6578.32 seconds
≈ 1.83 hours or 0.08 days
------------------------------------------------------
Running Task 5a on 20 buildings

Running with 1 process(es)...
Time: 210.67 seconds
Running with 2 process(es)...
Time: 114.15 seconds
Running with 3 process(es)...
Time: 93.76 seconds
Running with 4 process(es)...
Time: 80.99 seconds
Running with 5 process(es)...
Time: 62.98 seconds
Running with 6 process(es)...
Time: 53.85 seconds
Running with 7 process(es)...
Time: 49.60 seconds
Running with 8 process(es)...
Time: 43.09 seconds
Running with 9 process(es)...
Time: 41.80 seconds
Running with 10 process(es)...
Time: 40.21 seconds
Running with 11 process(es)...
Time: 39.13 seconds
Running with 12 process(es)...
Time: 36.20 seconds
Running with 13 process(es)...
Time: 34.17 seconds
Running with 14 process(es)...
Time: 32.09 seconds
Running with 15 process(es)...
Time: 32.70 seconds
Running with 16 process(es)...
Time: 32.36 seconds
Running with 17 process(es)...
Time: 31.69 seconds
Running with 18 process(es)...
Time: 29.22 seconds
Running with 19 process(es)...
Time: 28.38 seconds
Running with 20 process(es)...
Time: 26.81 seconds
Running Task numba on 20 buildings

Running with 1 process(es)...
Time: 193.25 seconds
Running with 2 process(es)...
Time: 99.38 seconds
Running with 3 process(es)...
Time: 77.73 seconds
Running with 4 process(es)...
Time: 63.46 seconds
Running with 5 process(es)...
Time: 44.85 seconds
Running with 6 process(es)...
Time: 40.13 seconds
Running with 7 process(es)...
Time: 36.67 seconds
Running with 8 process(es)...
Time: 34.53 seconds
Running with 9 process(es)...
Time: 29.52 seconds
Running with 10 process(es)...
Time: 28.16 seconds
Running with 11 process(es)...
Time: 27.45 seconds
Running with 12 process(es)...
Time: 26.32 seconds
Running with 13 process(es)...
Time: 24.34 seconds
Running with 14 process(es)...
Time: 23.08 seconds
Running with 15 process(es)...
Time: 21.77 seconds
Running with 16 process(es)...
Time: 20.88 seconds
Running with 17 process(es)...
Time: 20.56 seconds
Running with 18 process(es)...
Time: 18.21 seconds
Running with 19 process(es)...
Time: 18.05 seconds
Running with 20 process(es)...
Time: 16.36 seconds

-------------------- Amdahl's Law --------------------
Amdahl's Law analysis for Numba base experiment
Estimated parallel fraction (p): 0.9186
Theoretical max speed-up: 12.29
Achieved speed-up: 7.86 with 20 processes

Estimated time to process all 4571 buildings: 2042.85 seconds
≈ 0.57 hours or 0.02 days
------------------------------------------------------

-------------------- Amdahl's Law --------------------
Amdahl's Law analysis for Numba experiment
Estimated parallel fraction (p): 0.9635
Theoretical max speed-up: 27.41
Achieved speed-up: 11.81 with 20 processes

Estimated time to process all 4571 buildings: 1246.34 seconds
≈ 0.35 hours or 0.01 days
------------------------------------------------------

------------------------------------------------------------
Sender: LSF System <lsfadmin@hpc.dtu.dk>
Subject: Job 24741444: <task67> in cluster <dcc> Done

Job <task67> was submitted from host <gbarlogin1> by user <s215225> in cluster <dcc> at Sun Apr 20 16:55:33 2025
Job was executed on host(s) <20*n-62-31-23>, in queue <hpc>, as user <s215225> in cluster <dcc> at Sun Apr 20 16:55:33 2025
</zhome/69/0/168594> was used as the home directory.
</zhome/69/0/168594/Documents/HPC_course/hpc_heat> was used as the working directory.
Started at Sun Apr 20 16:55:33 2025
Terminated at Sun Apr 20 19:23:54 2025
Results reported at Sun Apr 20 19:23:54 2025

Your job looked like:

------------------------------------------------------------
# LSBATCH: User input
#!/bin/bash
#BSUB -J task67
#BSUB -q hpc
#BSUB -W 3:00
#BSUB -R "rusage[mem=1024MB]"
#BSUB -o BatchJobOutput/ProjectCPU_task67_%J.out
#BSUB -e BatchJobOutput/ProjectCPU_task67_%J.err

#BSUB -R "select[model == XeonGold6126]"

#BSUB -R "span[hosts=1]"
#BSUB -n 20

source /zhome/69/0/168594/Documents/HPC_course/venv/bin/activate

python task7.py numba dynamic
------------------------------------------------------------

Successfully completed.

Resource usage summary:

    CPU time :                                   51352.07 sec.
    Max Memory :                                 1516 MB
    Average Memory :                             747.41 MB
    Total Requested Memory :                     20480.00 MB
    Delta Memory :                               18964.00 MB
    Max Swap :                                   -
    Max Processes :                              24
    Max Threads :                                28
    Run time :                                   8986 sec.
    Turnaround time :                            8901 sec.

The output (if any) is above this job summary.



PS:

Read file <BatchJobOutput/ProjectCPU_task67_24741444.err> for stderr output of this job.

