Time to load 10 floorplans: 0.04 seconds
Time to process 10 buildings: 11.58 seconds
Estimated time to load all 4571 floorplans: 16.91 seconds or 0.28 minutes or 0.00 hours or 0.00 days
Estimated time to process all 4571 floorplans: 5295.19 seconds or 88.25 minutes or 1.47 hours or 0.06 days

------------------------------------------------------------
Sender: LSF System <lsfadmin@hpc.dtu.dk>
Subject: Job 24738009: <task8> in cluster <dcc> Done

Job <task8> was submitted from host <n-62-30-8> by user <s193992> in cluster <dcc> at Sat Apr 19 16:51:21 2025
Job was executed on host(s) <4*n-62-12-22>, in queue <c02613>, as user <s193992> in cluster <dcc> at Sat Apr 19 16:51:21 2025
</zhome/b2/6/146329> was used as the home directory.
</zhome/b2/6/146329/Documents/02613_PyHPC/project> was used as the working directory.
Started at Sat Apr 19 16:51:21 2025
Terminated at Sat Apr 19 16:51:36 2025
Results reported at Sat Apr 19 16:51:36 2025

Your job looked like:

------------------------------------------------------------
# LSBATCH: User input
#!/bin/sh
#BSUB -q c02613
#BSUB -J task8
#BSUB -n 4
#BSUB -R "span[hosts=1]"
#BSUB -R "rusage[mem=1GB]"
#BSUB -gpu "num=1:mode=exclusive_process"
#BSUB -W 00:10
#BSUB -o BatchJobOutput/ProjectGPU_task8%J.out
#BSUB -e BatchJobOutput/ProjectGPU_task8%J.err

source /dtu/projects/02613_2025/conda/conda_init.sh
conda activate 02613

python task8.py 10
------------------------------------------------------------

Successfully completed.

Resource usage summary:

    CPU time :                                   12.94 sec.
    Max Memory :                                 -
    Average Memory :                             -
    Total Requested Memory :                     4096.00 MB
    Delta Memory :                               -
    Max Swap :                                   -
    Max Processes :                              -
    Max Threads :                                -
    Run time :                                   0 sec.
    Turnaround time :                            15 sec.

The output (if any) is above this job summary.



PS:

Read file <BatchJobOutput/ProjectGPU_task824738009.err> for stderr output of this job.

