Running Task 5a on 60 buildings

Running with 1 process(es)...
Time: 596.01 seconds
Running with 2 process(es)...
Time: 344.79 seconds
Running with 3 process(es)...
Time: 239.34 seconds
Running with 4 process(es)...
Time: 191.17 seconds
Running with 5 process(es)...
Time: 174.98 seconds
Running with 6 process(es)...
Time: 154.36 seconds
Running with 7 process(es)...
Time: 138.98 seconds
Running with 8 process(es)...
Time: 125.93 seconds
Running with 9 process(es)...
Time: 115.73 seconds
Running with 10 process(es)...
Time: 114.25 seconds
Running with 11 process(es)...
Time: 109.97 seconds
Running with 12 process(es)...
Time: 105.08 seconds
Running with 13 process(es)...
Time: 102.48 seconds
Running with 14 process(es)...
Time: 97.01 seconds
Running with 15 process(es)...
Time: 83.92 seconds
Running with 16 process(es)...
Time: 82.35 seconds
Running with 17 process(es)...
Time: 80.33 seconds
Running with 18 process(es)...
Time: 79.98 seconds
Running with 19 process(es)...
Time: 84.73 seconds
Running with 20 process(es)...
Time: 81.72 seconds

-------------------- Amdahl's Law --------------------
Estimated parallel fraction (p): 0.9167
Theoretical max speed-up: 12.01
Achieved speed-up: 7.45 with 18 processes

Estimated time to process all 4571 buildings: 6093.04 seconds
≈ 1.69 hours or 0.07 days
------------------------------------------------------
Running Task dynamic on 60 buildings

Running with 1 process(es)...
Time: 611.98 seconds
Running with 2 process(es)...
Time: 382.77 seconds
Running with 3 process(es)...
Time: 289.04 seconds
Running with 4 process(es)...
Time: 209.30 seconds
Running with 5 process(es)...
Time: 222.55 seconds
Running with 6 process(es)...
Time: 190.42 seconds
Running with 7 process(es)...
Time: 167.49 seconds
Running with 8 process(es)...
Time: 142.01 seconds
Running with 9 process(es)...
Time: 140.33 seconds
Running with 10 process(es)...
Time: 141.22 seconds
Running with 11 process(es)...
Time: 126.74 seconds
Running with 12 process(es)...
Time: 124.88 seconds
Running with 13 process(es)...
Time: 108.50 seconds
Running with 14 process(es)...
Time: 107.52 seconds
Running with 15 process(es)...
Time: 115.75 seconds
Running with 16 process(es)...
Time: 108.47 seconds
Running with 17 process(es)...
Time: 113.03 seconds
Running with 18 process(es)...
Time: 109.58 seconds
Running with 19 process(es)...
Time: 115.23 seconds
Running with 20 process(es)...
Time: 114.98 seconds

-------------------- Amdahl's Law --------------------
Amdahl's Law analysis for dynamic scheduling experiment
Estimated parallel fraction (p): 0.8877
Theoretical max speed-up: 8.91
Achieved speed-up: 5.69 with 14 processes

Estimated time to process all 4571 buildings: 8191.10 seconds
≈ 2.28 hours or 0.09 days
------------------------------------------------------
Running Task 5a on 20 buildings

Running with 1 process(es)...
Time: 176.89 seconds
Running with 2 process(es)...
Time: 95.53 seconds
Running with 3 process(es)...
Time: 74.79 seconds
Running with 4 process(es)...
Time: 60.93 seconds
Running with 5 process(es)...
Time: 45.85 seconds
Running with 6 process(es)...
Time: 42.45 seconds
Running with 7 process(es)...
Time: 40.44 seconds
Running with 8 process(es)...
Time: 37.76 seconds
Running with 9 process(es)...
Time: 34.46 seconds
Running with 10 process(es)...
Time: 33.33 seconds
Running with 11 process(es)...
Time: 31.38 seconds
Running with 12 process(es)...
Time: 32.17 seconds
Running with 13 process(es)...
Time: 29.78 seconds
Running with 14 process(es)...
Time: 28.37 seconds
Running with 15 process(es)...
Time: 27.65 seconds
Running with 16 process(es)...
Time: 26.70 seconds
Running with 17 process(es)...
Time: 26.41 seconds
Running with 18 process(es)...
Time: 25.03 seconds
Running with 19 process(es)...
Time: 25.26 seconds
Running with 20 process(es)...
Time: 24.14 seconds
Running Task numba on 20 buildings

Running with 1 process(es)...
Time: 140.08 seconds
Running with 2 process(es)...
Time: 70.34 seconds
Running with 3 process(es)...
Time: 54.65 seconds
Running with 4 process(es)...
Time: 45.60 seconds
Running with 5 process(es)...
Time: 33.11 seconds
Running with 6 process(es)...
Time: 29.21 seconds
Running with 7 process(es)...
Time: 27.05 seconds
Running with 8 process(es)...
Time: 25.31 seconds
Running with 9 process(es)...
Time: 22.10 seconds
Running with 10 process(es)...
Time: 21.51 seconds
Running with 11 process(es)...
Time: 20.49 seconds
Running with 12 process(es)...
Time: 19.78 seconds
Running with 13 process(es)...
Time: 18.24 seconds
Running with 14 process(es)...
Time: 17.38 seconds
Running with 15 process(es)...
Time: 16.78 seconds
Running with 16 process(es)...
Time: 16.10 seconds
Running with 17 process(es)...
Time: 15.86 seconds
Running with 18 process(es)...
Time: 14.05 seconds
Running with 19 process(es)...
Time: 13.89 seconds
Running with 20 process(es)...
Time: 13.12 seconds

-------------------- Amdahl's Law --------------------
Amdahl's Law analysis for Numba base experiment
Estimated parallel fraction (p): 0.9090
Theoretical max speed-up: 10.99
Achieved speed-up: 7.33 with 20 processes

Estimated time to process all 4571 buildings: 1839.03 seconds
≈ 0.51 hours or 0.02 days
------------------------------------------------------

-------------------- Amdahl's Law --------------------
Amdahl's Law analysis for Numba experiment
Estimated parallel fraction (p): 0.9540
Theoretical max speed-up: 21.75
Achieved speed-up: 10.67 with 20 processes

Estimated time to process all 4571 buildings: 999.76 seconds
≈ 0.28 hours or 0.01 days
------------------------------------------------------

------------------------------------------------------------
Sender: LSF System <lsfadmin@hpc.dtu.dk>
Subject: Job 24741262: <task67> in cluster <dcc> Done

Job <task67> was submitted from host <gbarlogin1> by user <s215225> in cluster <dcc> at Sun Apr 20 14:51:51 2025
Job was executed on host(s) <20*n-62-31-21>, in queue <hpc>, as user <s215225> in cluster <dcc> at Sun Apr 20 14:51:52 2025
</zhome/69/0/168594> was used as the home directory.
</zhome/69/0/168594/Documents/HPC_course/hpc_heat> was used as the working directory.
Started at Sun Apr 20 14:51:52 2025
Terminated at Sun Apr 20 17:10:22 2025
Results reported at Sun Apr 20 17:10:22 2025

Your job looked like:

------------------------------------------------------------
# LSBATCH: User input
#!/bin/bash
#BSUB -J task67
#BSUB -q hpc
#BSUB -W 3:00
#BSUB -R "rusage[mem=1024MB]"
#BSUB -o BatchJobOutput/ProjectCPU_task67_%J.out
#BSUB -e BatchJobOutput/ProjectCPU_task67_%J.err

#BSUB -R "select[model == XeonGold6126]"

#BSUB -R "span[hosts=1]"
#BSUB -n 20

source /zhome/69/0/168594/Documents/HPC_course/venv/bin/activate

python task7.py numba dynamic
------------------------------------------------------------

Successfully completed.

Resource usage summary:

    CPU time :                                   44199.94 sec.
    Max Memory :                                 1591 MB
    Average Memory :                             757.65 MB
    Total Requested Memory :                     20480.00 MB
    Delta Memory :                               18889.00 MB
    Max Swap :                                   -
    Max Processes :                              24
    Max Threads :                                28
    Run time :                                   8337 sec.
    Turnaround time :                            8311 sec.

The output (if any) is above this job summary.



PS:

Read file <BatchJobOutput/ProjectCPU_task67_24741262.err> for stderr output of this job.

