10000
10009
10014
10019
10029
10031
10051
10053
10056
10064
Building 10000 processed in 5.86 seconds
Building 10009 processed in 9.79 seconds
Building 10014 processed in 15.10 seconds
Building 10019 processed in 15.02 seconds
Building 10029 processed in 4.83 seconds
Building 10031 processed in 8.09 seconds
Building 10051 processed in 2.75 seconds
Building 10053 processed in 6.92 seconds
Building 10056 processed in 2.91 seconds
Building 10064 processed in 11.96 seconds

-------------------- Timing results --------------------
Time to load 10 buildings: 0.03 seconds
Average time per building: 8.32 seconds
Estimated time for all 4571 buildings: 38049.77 seconds
That's approximately 10.57 hours or 0.44 days
------------------------------------------------------------

building_id, mean_temp, std_temp, pct_above_18, pct_below_15
10000, 14.01233878811275, 6.367431059312565, 30.941014791508444, 55.542295034537624
10009, 11.000135812436373, 5.811144379826625, 16.6712734948236, 74.9723590310584
10014, 14.744169941950119, 7.037733284673848, 38.26367541377415, 52.80837116508215
10019, 14.735524480624482, 7.030325006703675, 38.14915412864569, 52.92926826787113
10029, 10.616037322820358, 6.317331938274926, 18.25563221896085, 74.51301795448481
10031, 12.507072852890545, 6.278432089100354, 24.044722033998173, 66.39513301711693
10051, 13.289039951277402, 5.999085063388632, 25.97693550756574, 62.859923608050536
10053, 11.366493551285709, 6.26121798185875, 19.9510754583921, 72.41052538787024
10056, 14.220114507861702, 6.179461157398302, 31.763454814173965, 57.06174975667784
10064, 12.71696893739585, 6.964227784263683, 28.79137124461432, 62.75688345539249
Wrote profile results to simulate.py.lprof
Inspect results with:
python -m line_profiler -rmt "simulate.py.lprof"

------------------------------------------------------------
Sender: LSF System <lsfadmin@hpc.dtu.dk>
Subject: Job 24734509: <ProjectCPU> in cluster <dcc> Done

Job <ProjectCPU> was submitted from host <n-62-30-5> by user <s242911> in cluster <dcc> at Fri Apr 18 12:06:02 2025
Job was executed on host(s) <4*n-62-31-16>, in queue <hpc>, as user <s242911> in cluster <dcc> at Fri Apr 18 12:06:04 2025
</zhome/a2/c/213547> was used as the home directory.
</zhome/a2/c/213547/python_and_hpc/hpc_heat> was used as the working directory.
Started at Fri Apr 18 12:06:04 2025
Terminated at Fri Apr 18 12:07:42 2025
Results reported at Fri Apr 18 12:07:42 2025

Your job looked like:

------------------------------------------------------------
# LSBATCH: User input
#!/bin/bash
#BSUB -J ProjectCPU
#BSUB -q hpc
#BSUB -W 1:00
#BSUB -R "rusage[mem=1024MB]"
#BSUB -o BatchJobOutput/ProjectCPU_%J.out
#BSUB -e BatchJobOutput/ProjectCPU_%J.err

#BSUB -R "select[model == XeonGold6126]"

#BSUB -R "span[hosts=1]"
#BSUB -n 4

source /dtu/projects/02613_2025/conda/conda_init.sh
conda activate 02613

kernprof -l simulate.py 10 


### After that:
### python -m line_profiler simulate.py.lprof > prof_initial_jacobi.txt

------------------------------------------------------------

Successfully completed.

Resource usage summary:

    CPU time :                                   98.03 sec.
    Max Memory :                                 121 MB
    Average Memory :                             121.00 MB
    Total Requested Memory :                     4096.00 MB
    Delta Memory :                               3975.00 MB
    Max Swap :                                   -
    Max Processes :                              4
    Max Threads :                                5
    Run time :                                   153 sec.
    Turnaround time :                            100 sec.

The output (if any) is above this job summary.



PS:

Read file <BatchJobOutput/ProjectCPU_24734509.err> for stderr output of this job.

